<?xml version="1.0" encoding="UTF-8"?>
<testsuite xmlns:xsi="http://www.w3.org/2001/XMLSchema-instance" xsi:noNamespaceSchemaLocation="https://maven.apache.org/surefire/maven-surefire-plugin/xsd/surefire-test-report-3.0.xsd" version="3.0" name="com.example.todo.TodoApplicationTests" time="5.761" tests="1" errors="0" skipped="0" failures="0">
  <properties>
[...]
</properties>
  <testcase name="contextLoads" classname="com.example.todo.TodoApplicationTests" time="0.171">
    <system-out><![CDATA[13:19:12.592 [main] DEBUG org.springframework.test.context.BootstrapUtils - Instantiating CacheAwareContextLoaderDelegate from class [org.springframework.test.context.cache.DefaultCacheAwareContextLoaderDelegate]
13:19:12.604 [main] DEBUG org.springframework.test.context.BootstrapUtils - Instantiating BootstrapContext using constructor [public org.springframework.test.context.support.DefaultBootstrapContext(java.lang.Class,org.springframework.test.context.CacheAwareContextLoaderDelegate)]
13:19:12.643 [main] DEBUG org.springframework.test.context.BootstrapUtils - Instantiating TestContextBootstrapper for test class [com.example.todo.TodoApplicationTests] from class [org.springframework.boot.test.context.SpringBootTestContextBootstrapper]
13:19:12.654 [main] INFO org.springframework.boot.test.context.SpringBootTestContextBootstrapper - Neither @ContextConfiguration nor @ContextHierarchy found for test class [com.example.todo.TodoApplicationTests], using SpringBootContextLoader
13:19:12.658 [main] DEBUG org.springframework.test.context.support.AbstractContextLoader - Did not detect default resource location for test class [com.example.todo.TodoApplicationTests]: class path resource [com/example/todo/TodoApplicationTests-context.xml] does not exist
13:19:12.658 [main] DEBUG org.springframework.test.context.support.AbstractContextLoader - Did not detect default resource location for test class [com.example.todo.TodoApplicationTests]: class path resource [com/example/todo/TodoApplicationTestsContext.groovy] does not exist
13:19:12.658 [main] INFO org.springframework.test.context.support.AbstractContextLoader - Could not detect default resource locations for test class [com.example.todo.TodoApplicationTests]: no resource found for suffixes {-context.xml, Context.groovy}.
13:19:12.659 [main] INFO org.springframework.test.context.support.AnnotationConfigContextLoaderUtils - Could not detect default configuration classes for test class [com.example.todo.TodoApplicationTests]: TodoApplicationTests does not declare any static, non-private, non-final, nested classes annotated with @Configuration.
13:19:12.712 [main] DEBUG org.springframework.test.context.support.ActiveProfilesUtils - Could not find an 'annotation declaring class' for annotation type [org.springframework.test.context.ActiveProfiles] and class [com.example.todo.TodoApplicationTests]
13:19:12.802 [main] DEBUG org.springframework.context.annotation.ClassPathScanningCandidateComponentProvider - Identified candidate component class: file [C:\Users\Ephy Digital\Downloads\task\Task-Master-Pro-main\Task-Master-Pro-main\target\classes\com\example\todo\TaskMasterProApplication.class]
13:19:12.802 [main] INFO org.springframework.boot.test.context.SpringBootTestContextBootstrapper - Found @SpringBootConfiguration com.example.todo.TaskMasterProApplication for test class com.example.todo.TodoApplicationTests
13:19:12.885 [main] DEBUG org.springframework.boot.test.context.SpringBootTestContextBootstrapper - @TestExecutionListeners is not present for class [com.example.todo.TodoApplicationTests]: using defaults.
13:19:12.885 [main] INFO org.springframework.boot.test.context.SpringBootTestContextBootstrapper - Loaded default TestExecutionListener class names from location [META-INF/spring.factories]: [org.springframework.boot.test.mock.mockito.MockitoTestExecutionListener, org.springframework.boot.test.mock.mockito.ResetMocksTestExecutionListener, org.springframework.boot.test.autoconfigure.restdocs.RestDocsTestExecutionListener, org.springframework.boot.test.autoconfigure.web.client.MockRestServiceServerResetTestExecutionListener, org.springframework.boot.test.autoconfigure.web.servlet.MockMvcPrintOnlyOnFailureTestExecutionListener, org.springframework.boot.test.autoconfigure.web.servlet.WebDriverTestExecutionListener, org.springframework.boot.test.autoconfigure.webservices.client.MockWebServiceServerTestExecutionListener, org.springframework.test.context.web.ServletTestExecutionListener, org.springframework.test.context.support.DirtiesContextBeforeModesTestExecutionListener, org.springframework.test.context.event.ApplicationEventsTestExecutionListener, org.springframework.test.context.support.DependencyInjectionTestExecutionListener, org.springframework.test.context.support.DirtiesContextTestExecutionListener, org.springframework.test.context.transaction.TransactionalTestExecutionListener, org.springframework.test.context.jdbc.SqlScriptsTestExecutionListener, org.springframework.test.context.event.EventPublishingTestExecutionListener]
13:19:12.904 [main] INFO org.springframework.boot.test.context.SpringBootTestContextBootstrapper - Using TestExecutionListeners: [org.springframework.test.context.web.ServletTestExecutionListener@2766ca9d, org.springframework.test.context.support.DirtiesContextBeforeModesTestExecutionListener@5460cf3a, org.springframework.test.context.event.ApplicationEventsTestExecutionListener@65a15628, org.springframework.boot.test.mock.mockito.MockitoTestExecutionListener@2e6a5539, org.springframework.boot.test.autoconfigure.SpringBootDependencyInjectionTestExecutionListener@3fc9504b, org.springframework.test.context.support.DirtiesContextTestExecutionListener@6d025197, org.springframework.test.context.transaction.TransactionalTestExecutionListener@27d4a09, org.springframework.test.context.jdbc.SqlScriptsTestExecutionListener@7e4204e2, org.springframework.test.context.event.EventPublishingTestExecutionListener@b7c4869, org.springframework.boot.test.mock.mockito.ResetMocksTestExecutionListener@740d2e78, org.springframework.boot.test.autoconfigure.restdocs.RestDocsTestExecutionListener@1c481ff2, org.springframework.boot.test.autoconfigure.web.client.MockRestServiceServerResetTestExecutionListener@72437d8d, org.springframework.boot.test.autoconfigure.web.servlet.MockMvcPrintOnlyOnFailureTestExecutionListener@1b955cac, org.springframework.boot.test.autoconfigure.web.servlet.WebDriverTestExecutionListener@676cf48, org.springframework.boot.test.autoconfigure.webservices.client.MockWebServiceServerTestExecutionListener@5a1de7fb]
13:19:12.912 [main] DEBUG org.springframework.test.context.support.AbstractDirtiesContextTestExecutionListener - Before test class: context [DefaultTestContext@30af5b6b testClass = TodoApplicationTests, testInstance = [null], testMethod = [null], testException = [null], mergedContextConfiguration = [WebMergedContextConfiguration@19835e64 testClass = TodoApplicationTests, locations = '{}', classes = '{class com.example.todo.TaskMasterProApplication}', contextInitializerClasses = '[]', activeProfiles = '{}', propertySourceLocations = '{}', propertySourceProperties = '{org.springframework.boot.test.context.SpringBootTestContextBootstrapper=true}', contextCustomizers = set[org.springframework.boot.test.context.filter.ExcludeFilterContextCustomizer@3012646b, org.springframework.boot.test.json.DuplicateJsonObjectContextCustomizerFactory$DuplicateJsonObjectContextCustomizer@7b36aa0c, org.springframework.boot.test.mock.mockito.MockitoContextCustomizer@0, org.springframework.boot.test.web.client.TestRestTemplateContextCustomizer@1a942c18, org.springframework.boot.test.autoconfigure.actuate.metrics.MetricsExportContextCustomizerFactory$DisableMetricExportContextCustomizer@750e2b97, org.springframework.boot.test.autoconfigure.properties.PropertyMappingContextCustomizer@0, org.springframework.boot.test.autoconfigure.web.servlet.WebDriverContextCustomizerFactory$Customizer@74ea2410, org.springframework.boot.test.context.SpringBootTestArgs@1, org.springframework.boot.test.context.SpringBootTestWebEnvironment@32464a14], resourceBasePath = 'src/main/webapp', contextLoader = 'org.springframework.boot.test.context.SpringBootContextLoader', parent = [null]], attributes = map['org.springframework.test.context.web.ServletTestExecutionListener.activateListener' -> true]], class annotated with @DirtiesContext [false] with mode [null].
13:19:12.945 [main] DEBUG org.springframework.test.context.support.TestPropertySourceUtils - Adding inlined properties to environment: {spring.jmx.enabled=false, org.springframework.boot.test.context.SpringBootTestContextBootstrapper=true}

  .   ____          _            __ _ _
 /\\ / ___'_ __ _ _(_)_ __  __ _ \ \ \ \
( ( )\___ | '_ | '_| | '_ \/ _` | \ \ \ \
 \\/  ___)| |_)| | | | | || (_| |  ) ) ) )
  '  |____| .__|_| |_|_| |_\__, | / / / /
 =========|_|==============|___/=/_/_/_/
 :: Spring Boot ::                (v2.5.4)

2024-11-12 13:19:13.245  INFO 1548 --- [           main] com.example.todo.TodoApplicationTests    : Starting TodoApplicationTests using Java 23.0.1 on EPHY-DIGITAL with PID 1548 (started by Ephy Digital in C:\Users\Ephy Digital\Downloads\task\Task-Master-Pro-main\Task-Master-Pro-main)
2024-11-12 13:19:13.249  INFO 1548 --- [           main] com.example.todo.TodoApplicationTests    : No active profile set, falling back to default profiles: default
2024-11-12 13:19:14.124  INFO 1548 --- [           main] .s.d.r.c.RepositoryConfigurationDelegate : Bootstrapping Spring Data JPA repositories in DEFAULT mode.
2024-11-12 13:19:14.186  INFO 1548 --- [           main] .s.d.r.c.RepositoryConfigurationDelegate : Finished Spring Data repository scanning in 52 ms. Found 2 JPA repository interfaces.
2024-11-12 13:19:14.943  INFO 1548 --- [           main] o.hibernate.jpa.internal.util.LogHelper  : HHH000204: Processing PersistenceUnitInfo [name: default]
2024-11-12 13:19:15.020  INFO 1548 --- [           main] org.hibernate.Version                    : HHH000412: Hibernate ORM core version 5.4.32.Final
2024-11-12 13:19:15.142  INFO 1548 --- [           main] o.hibernate.annotations.common.Version   : HCANN000001: Hibernate Commons Annotations {5.1.2.Final}
2024-11-12 13:19:15.290  INFO 1548 --- [           main] com.zaxxer.hikari.HikariDataSource       : HikariPool-1 - Starting...
2024-11-12 13:19:15.486  INFO 1548 --- [           main] com.zaxxer.hikari.HikariDataSource       : HikariPool-1 - Start completed.
2024-11-12 13:19:15.501  INFO 1548 --- [           main] org.hibernate.dialect.Dialect            : HHH000400: Using dialect: org.hibernate.dialect.H2Dialect
2024-11-12 13:19:16.138  INFO 1548 --- [           main] o.h.e.t.j.p.i.JtaPlatformInitiator       : HHH000490: Using JtaPlatform implementation: [org.hibernate.engine.transaction.jta.platform.internal.NoJtaPlatform]
2024-11-12 13:19:16.142  INFO 1548 --- [           main] j.LocalContainerEntityManagerFactoryBean : Initialized JPA EntityManagerFactory for persistence unit 'default'
2024-11-12 13:19:17.030  INFO 1548 --- [           main] o.s.s.web.DefaultSecurityFilterChain     : Will secure any request with [org.springframework.security.web.context.request.async.WebAsyncManagerIntegrationFilter@1eddca25, org.springframework.security.web.context.SecurityContextPersistenceFilter@42805abe, org.springframework.security.web.header.HeaderWriterFilter@1f6d7e7c, org.springframework.security.web.authentication.logout.LogoutFilter@912747d, org.springframework.security.web.authentication.UsernamePasswordAuthenticationFilter@64e89bb2, org.springframework.security.web.savedrequest.RequestCacheAwareFilter@76105ac0, org.springframework.security.web.servletapi.SecurityContextHolderAwareRequestFilter@50e24ea4, org.springframework.security.web.authentication.AnonymousAuthenticationFilter@22f057b4, org.springframework.security.web.session.SessionManagementFilter@5ccc971e, org.springframework.security.web.access.ExceptionTranslationFilter@126a9a77, org.springframework.security.web.access.intercept.FilterSecurityInterceptor@5401c6a8]
2024-11-12 13:19:17.312  WARN 1548 --- [           main] JpaBaseConfiguration$JpaWebConfiguration : spring.jpa.open-in-view is enabled by default. Therefore, database queries may be performed during view rendering. Explicitly configure spring.jpa.open-in-view to disable this warning
2024-11-12 13:19:17.641  INFO 1548 --- [           main] o.s.b.a.h2.H2ConsoleAutoConfiguration    : H2 console available at '/h2-console'. Database available at 'jdbc:h2:mem:testdb'
2024-11-12 13:19:17.712  INFO 1548 --- [           main] o.s.b.a.w.s.WelcomePageHandlerMapping    : Adding welcome page template: index
2024-11-12 13:19:18.087  INFO 1548 --- [           main] com.example.todo.TodoApplicationTests    : Started TodoApplicationTests in 5.137 seconds (JVM running for 6.189)
]]></system-out>
  </testcase>
</testsuite>